2013-10-24 16:35:18 (CEST)	8192 	Function sql_regcase() is deprecated	File: fns_tinybrowser.php	Line: 438	
2013-10-24 16:35:18 (CEST)	8192 	Function sql_regcase() is deprecated	File: fns_tinybrowser.php	Line: 438	
2013-10-24 16:35:18 (CEST)	8192 	Function sql_regcase() is deprecated	File: fns_tinybrowser.php	Line: 438	
2013-10-24 16:35:18 (CEST)	8192 	Function sql_regcase() is deprecated	File: fns_tinybrowser.php	Line: 438	
2013-10-24 16:35:18 (CEST)	8192 	Function sql_regcase() is deprecated	File: fns_tinybrowser.php	Line: 486	
2013-10-24 16:35:18 (CEST)	8192 	Function sql_regcase() is deprecated	File: fns_tinybrowser.php	Line: 486	
2013-10-24 16:35:18 (CEST)	8192 	Function sql_regcase() is deprecated	File: fns_tinybrowser.php	Line: 486	
2013-10-24 16:35:18 (CEST)	8192 	Function sql_regcase() is deprecated	File: fns_tinybrowser.php	Line: 486	
2013-10-24 16:35:24 (CEST)	8192 	Function sql_regcase() is deprecated	File: fns_tinybrowser.php	Line: 438	
2013-10-24 16:35:24 (CEST)	8192 	Function sql_regcase() is deprecated	File: fns_tinybrowser.php	Line: 438	
2013-10-24 16:35:24 (CEST)	8192 	Function sql_regcase() is deprecated	File: fns_tinybrowser.php	Line: 438	
2013-10-24 16:35:24 (CEST)	8192 	Function sql_regcase() is deprecated	File: fns_tinybrowser.php	Line: 438	
2013-10-24 16:35:35 (CEST)	8192 	Function sql_regcase() is deprecated	File: fns_tinybrowser.php	Line: 438	
2013-10-24 16:35:35 (CEST)	8192 	Function sql_regcase() is deprecated	File: fns_tinybrowser.php	Line: 438	
2013-10-24 16:35:35 (CEST)	8192 	Function sql_regcase() is deprecated	File: fns_tinybrowser.php	Line: 438	
2013-10-24 16:35:35 (CEST)	8192 	Function sql_regcase() is deprecated	File: fns_tinybrowser.php	Line: 438	
2013-10-24 16:45:25 (CEST)	8192 	Function sql_regcase() is deprecated	File: fns_tinybrowser.php	Line: 438	
2013-10-24 16:45:25 (CEST)	8192 	Function sql_regcase() is deprecated	File: fns_tinybrowser.php	Line: 438	
2013-10-24 16:45:25 (CEST)	8192 	Function sql_regcase() is deprecated	File: fns_tinybrowser.php	Line: 438	
2013-10-24 16:45:25 (CEST)	8192 	Function sql_regcase() is deprecated	File: fns_tinybrowser.php	Line: 438	
2013-10-24 16:45:25 (CEST)	8192 	Function sql_regcase() is deprecated	File: fns_tinybrowser.php	Line: 486	
2013-10-24 16:45:25 (CEST)	8192 	Function sql_regcase() is deprecated	File: fns_tinybrowser.php	Line: 486	
2013-10-24 16:45:25 (CEST)	8192 	Function sql_regcase() is deprecated	File: fns_tinybrowser.php	Line: 486	
2013-10-24 16:45:25 (CEST)	8192 	Function sql_regcase() is deprecated	File: fns_tinybrowser.php	Line: 486	
2013-10-24 17:01:09 (CEST)	8192 	Function sql_regcase() is deprecated	File: fns_tinybrowser.php	Line: 438	
2013-10-24 17:01:09 (CEST)	8192 	Function sql_regcase() is deprecated	File: fns_tinybrowser.php	Line: 438	
2013-10-24 17:01:09 (CEST)	8192 	Function sql_regcase() is deprecated	File: fns_tinybrowser.php	Line: 438	
2013-10-24 17:01:09 (CEST)	8192 	Function sql_regcase() is deprecated	File: fns_tinybrowser.php	Line: 438	
2013-10-24 17:01:09 (CEST)	8192 	Function sql_regcase() is deprecated	File: fns_tinybrowser.php	Line: 486	
2013-10-24 17:01:09 (CEST)	8192 	Function sql_regcase() is deprecated	File: fns_tinybrowser.php	Line: 486	
2013-10-24 17:01:09 (CEST)	8192 	Function sql_regcase() is deprecated	File: fns_tinybrowser.php	Line: 486	
2013-10-24 17:01:09 (CEST)	8192 	Function sql_regcase() is deprecated	File: fns_tinybrowser.php	Line: 486	
2014-01-09 21:13:50 (CET)	8192 	Function sql_regcase() is deprecated	File: fns_tinybrowser.php	Line: 438	
2014-01-09 21:13:50 (CET)	8192 	Function sql_regcase() is deprecated	File: fns_tinybrowser.php	Line: 438	
2014-01-09 21:13:50 (CET)	8192 	Function sql_regcase() is deprecated	File: fns_tinybrowser.php	Line: 438	
2014-01-09 21:13:50 (CET)	8192 	Function sql_regcase() is deprecated	File: fns_tinybrowser.php	Line: 438	
2014-01-09 21:13:50 (CET)	8192 	Function sql_regcase() is deprecated	File: fns_tinybrowser.php	Line: 486	
2014-01-09 21:13:50 (CET)	8192 	Function sql_regcase() is deprecated	File: fns_tinybrowser.php	Line: 486	
2014-01-09 21:13:50 (CET)	8192 	Function sql_regcase() is deprecated	File: fns_tinybrowser.php	Line: 486	
2014-01-09 21:13:50 (CET)	8192 	Function sql_regcase() is deprecated	File: fns_tinybrowser.php	Line: 486	
2014-01-09 21:13:55 (CET)	8192 	Function sql_regcase() is deprecated	File: fns_tinybrowser.php	Line: 438	
2014-01-09 21:13:55 (CET)	8192 	Function sql_regcase() is deprecated	File: fns_tinybrowser.php	Line: 438	
2014-01-09 21:13:55 (CET)	8192 	Function sql_regcase() is deprecated	File: fns_tinybrowser.php	Line: 438	
2014-01-09 21:13:55 (CET)	8192 	Function sql_regcase() is deprecated	File: fns_tinybrowser.php	Line: 438	
2014-01-09 21:13:59 (CET)	8192 	Function sql_regcase() is deprecated	File: fns_tinybrowser.php	Line: 438	
2014-01-09 21:13:59 (CET)	8192 	Function sql_regcase() is deprecated	File: fns_tinybrowser.php	Line: 438	
2014-01-09 21:13:59 (CET)	8192 	Function sql_regcase() is deprecated	File: fns_tinybrowser.php	Line: 438	
2014-01-09 21:13:59 (CET)	8192 	Function sql_regcase() is deprecated	File: fns_tinybrowser.php	Line: 438	
2014-01-09 21:13:59 (CET)	8192 	Function sql_regcase() is deprecated	File: fns_tinybrowser.php	Line: 486	
2014-01-09 21:13:59 (CET)	8192 	Function sql_regcase() is deprecated	File: fns_tinybrowser.php	Line: 486	
2014-01-09 21:13:59 (CET)	8192 	Function sql_regcase() is deprecated	File: fns_tinybrowser.php	Line: 486	
2014-01-09 21:13:59 (CET)	8192 	Function sql_regcase() is deprecated	File: fns_tinybrowser.php	Line: 486	
2014-03-31 23:00:04 (CEST)	8192 	Function sql_regcase() is deprecated	File: fns_tinybrowser.php	Line: 438	
2014-03-31 23:00:04 (CEST)	8192 	Function sql_regcase() is deprecated	File: fns_tinybrowser.php	Line: 438	
2014-03-31 23:00:04 (CEST)	8192 	Function sql_regcase() is deprecated	File: fns_tinybrowser.php	Line: 438	
2014-03-31 23:00:04 (CEST)	8192 	Function sql_regcase() is deprecated	File: fns_tinybrowser.php	Line: 438	
2014-03-31 23:00:04 (CEST)	8192 	Function sql_regcase() is deprecated	File: fns_tinybrowser.php	Line: 486	
2014-03-31 23:00:04 (CEST)	8192 	Function sql_regcase() is deprecated	File: fns_tinybrowser.php	Line: 486	
2014-03-31 23:00:04 (CEST)	8192 	Function sql_regcase() is deprecated	File: fns_tinybrowser.php	Line: 486	
2014-03-31 23:00:04 (CEST)	8192 	Function sql_regcase() is deprecated	File: fns_tinybrowser.php	Line: 486	
2014-03-31 23:00:21 (CEST)	8192 	Function sql_regcase() is deprecated	File: fns_tinybrowser.php	Line: 438	
2014-03-31 23:00:21 (CEST)	8192 	Function sql_regcase() is deprecated	File: fns_tinybrowser.php	Line: 454	
2014-03-31 23:00:21 (CEST)	8192 	Function sql_regcase() is deprecated	File: fns_tinybrowser.php	Line: 486	
2014-03-31 23:00:21 (CEST)	8192 	Function sql_regcase() is deprecated	File: fns_tinybrowser.php	Line: 499	
2014-03-31 23:00:29 (CEST)	8192 	Function sql_regcase() is deprecated	File: fns_tinybrowser.php	Line: 438	
2014-03-31 23:00:29 (CEST)	8192 	Function sql_regcase() is deprecated	File: fns_tinybrowser.php	Line: 454	
2014-03-31 23:00:29 (CEST)	8192 	Function sql_regcase() is deprecated	File: fns_tinybrowser.php	Line: 486	
2014-03-31 23:00:29 (CEST)	8192 	Function sql_regcase() is deprecated	File: fns_tinybrowser.php	Line: 499	
2014-03-31 23:00:35 (CEST)	8192 	Function sql_regcase() is deprecated	File: fns_tinybrowser.php	Line: 438	
2014-03-31 23:00:35 (CEST)	8192 	Function sql_regcase() is deprecated	File: fns_tinybrowser.php	Line: 438	
2014-03-31 23:00:35 (CEST)	8192 	Function sql_regcase() is deprecated	File: fns_tinybrowser.php	Line: 438	
2014-03-31 23:00:35 (CEST)	8192 	Function sql_regcase() is deprecated	File: fns_tinybrowser.php	Line: 438	
2014-03-31 23:00:35 (CEST)	8192 	Function sql_regcase() is deprecated	File: fns_tinybrowser.php	Line: 486	
2014-03-31 23:00:35 (CEST)	8192 	Function sql_regcase() is deprecated	File: fns_tinybrowser.php	Line: 486	
2014-03-31 23:00:35 (CEST)	8192 	Function sql_regcase() is deprecated	File: fns_tinybrowser.php	Line: 486	
2014-03-31 23:00:35 (CEST)	8192 	Function sql_regcase() is deprecated	File: fns_tinybrowser.php	Line: 486	
2014-03-31 23:00:40 (CEST)	8192 	Function sql_regcase() is deprecated	File: fns_tinybrowser.php	Line: 438	
2014-03-31 23:00:40 (CEST)	8192 	Function sql_regcase() is deprecated	File: fns_tinybrowser.php	Line: 438	
2014-03-31 23:00:40 (CEST)	8192 	Function sql_regcase() is deprecated	File: fns_tinybrowser.php	Line: 438	
2014-03-31 23:00:40 (CEST)	8192 	Function sql_regcase() is deprecated	File: fns_tinybrowser.php	Line: 438	
2014-03-31 23:00:50 (CEST)	8192 	Function sql_regcase() is deprecated	File: fns_tinybrowser.php	Line: 438	
2014-03-31 23:00:50 (CEST)	8192 	Function sql_regcase() is deprecated	File: fns_tinybrowser.php	Line: 438	
2014-03-31 23:00:50 (CEST)	8192 	Function sql_regcase() is deprecated	File: fns_tinybrowser.php	Line: 438	
2014-03-31 23:00:50 (CEST)	8192 	Function sql_regcase() is deprecated	File: fns_tinybrowser.php	Line: 438	
2014-03-31 23:00:53 (CEST)	8192 	Function sql_regcase() is deprecated	File: fns_tinybrowser.php	Line: 438	
2014-03-31 23:00:53 (CEST)	8192 	Function sql_regcase() is deprecated	File: fns_tinybrowser.php	Line: 438	
2014-03-31 23:00:53 (CEST)	8192 	Function sql_regcase() is deprecated	File: fns_tinybrowser.php	Line: 438	
2014-03-31 23:00:53 (CEST)	8192 	Function sql_regcase() is deprecated	File: fns_tinybrowser.php	Line: 438	
2014-03-31 23:00:58 (CEST)	8192 	Function sql_regcase() is deprecated	File: fns_tinybrowser.php	Line: 438	
2014-03-31 23:00:58 (CEST)	8192 	Function sql_regcase() is deprecated	File: fns_tinybrowser.php	Line: 438	
2014-03-31 23:00:58 (CEST)	8192 	Function sql_regcase() is deprecated	File: fns_tinybrowser.php	Line: 438	
2014-03-31 23:00:58 (CEST)	8192 	Function sql_regcase() is deprecated	File: fns_tinybrowser.php	Line: 438	
2014-03-31 23:00:58 (CEST)	8192 	Function sql_regcase() is deprecated	File: fns_tinybrowser.php	Line: 486	
2014-03-31 23:00:58 (CEST)	8192 	Function sql_regcase() is deprecated	File: fns_tinybrowser.php	Line: 486	
2014-03-31 23:00:58 (CEST)	8192 	Function sql_regcase() is deprecated	File: fns_tinybrowser.php	Line: 486	
2014-03-31 23:00:58 (CEST)	8192 	Function sql_regcase() is deprecated	File: fns_tinybrowser.php	Line: 486	
2014-03-31 23:01:08 (CEST)	8192 	Function sql_regcase() is deprecated	File: fns_tinybrowser.php	Line: 438	
2014-03-31 23:01:08 (CEST)	8192 	Function sql_regcase() is deprecated	File: fns_tinybrowser.php	Line: 438	
2014-03-31 23:01:08 (CEST)	8192 	Function sql_regcase() is deprecated	File: fns_tinybrowser.php	Line: 438	
2014-03-31 23:01:08 (CEST)	8192 	Function sql_regcase() is deprecated	File: fns_tinybrowser.php	Line: 438	
2014-03-31 23:01:08 (CEST)	8192 	Function sql_regcase() is deprecated	File: fns_tinybrowser.php	Line: 486	
2014-03-31 23:01:08 (CEST)	8192 	Function sql_regcase() is deprecated	File: fns_tinybrowser.php	Line: 486	
2014-03-31 23:01:08 (CEST)	8192 	Function sql_regcase() is deprecated	File: fns_tinybrowser.php	Line: 486	
2014-03-31 23:01:08 (CEST)	8192 	Function sql_regcase() is deprecated	File: fns_tinybrowser.php	Line: 486	
2014-03-31 23:02:10 (CEST)	8192 	Function sql_regcase() is deprecated	File: fns_tinybrowser.php	Line: 438	
2014-03-31 23:02:10 (CEST)	8192 	Function sql_regcase() is deprecated	File: fns_tinybrowser.php	Line: 438	
2014-03-31 23:02:10 (CEST)	8192 	Function sql_regcase() is deprecated	File: fns_tinybrowser.php	Line: 438	
2014-03-31 23:02:10 (CEST)	8192 	Function sql_regcase() is deprecated	File: fns_tinybrowser.php	Line: 438	
2014-03-31 23:02:10 (CEST)	8192 	Function sql_regcase() is deprecated	File: fns_tinybrowser.php	Line: 486	
2014-03-31 23:02:10 (CEST)	8192 	Function sql_regcase() is deprecated	File: fns_tinybrowser.php	Line: 486	
2014-03-31 23:02:10 (CEST)	8192 	Function sql_regcase() is deprecated	File: fns_tinybrowser.php	Line: 486	
2014-03-31 23:02:10 (CEST)	8192 	Function sql_regcase() is deprecated	File: fns_tinybrowser.php	Line: 486	
2014-03-31 23:02:19 (CEST)	8192 	Function sql_regcase() is deprecated	File: fns_tinybrowser.php	Line: 438	
2014-03-31 23:02:19 (CEST)	8192 	Function sql_regcase() is deprecated	File: fns_tinybrowser.php	Line: 438	
2014-03-31 23:02:19 (CEST)	8192 	Function sql_regcase() is deprecated	File: fns_tinybrowser.php	Line: 438	
2014-03-31 23:02:19 (CEST)	8192 	Function sql_regcase() is deprecated	File: fns_tinybrowser.php	Line: 438	
2014-03-31 23:02:32 (CEST)	8192 	Function sql_regcase() is deprecated	File: fns_tinybrowser.php	Line: 438	
2014-03-31 23:02:32 (CEST)	8192 	Function sql_regcase() is deprecated	File: fns_tinybrowser.php	Line: 438	
2014-03-31 23:02:32 (CEST)	8192 	Function sql_regcase() is deprecated	File: fns_tinybrowser.php	Line: 438	
2014-03-31 23:02:32 (CEST)	8192 	Function sql_regcase() is deprecated	File: fns_tinybrowser.php	Line: 438	
2014-03-31 23:02:32 (CEST)	8192 	Function sql_regcase() is deprecated	File: fns_tinybrowser.php	Line: 486	
2014-03-31 23:02:32 (CEST)	8192 	Function sql_regcase() is deprecated	File: fns_tinybrowser.php	Line: 486	
2014-03-31 23:02:32 (CEST)	8192 	Function sql_regcase() is deprecated	File: fns_tinybrowser.php	Line: 486	
2014-03-31 23:02:32 (CEST)	8192 	Function sql_regcase() is deprecated	File: fns_tinybrowser.php	Line: 486	
2014-03-31 23:02:37 (CEST)	8192 	Function sql_regcase() is deprecated	File: fns_tinybrowser.php	Line: 438	
2014-03-31 23:02:37 (CEST)	8192 	Function sql_regcase() is deprecated	File: fns_tinybrowser.php	Line: 438	
2014-03-31 23:02:37 (CEST)	8192 	Function sql_regcase() is deprecated	File: fns_tinybrowser.php	Line: 438	
2014-03-31 23:02:37 (CEST)	8192 	Function sql_regcase() is deprecated	File: fns_tinybrowser.php	Line: 438	
2014-03-31 23:02:37 (CEST)	8192 	Function sql_regcase() is deprecated	File: fns_tinybrowser.php	Line: 486	
2014-03-31 23:02:37 (CEST)	8192 	Function sql_regcase() is deprecated	File: fns_tinybrowser.php	Line: 486	
2014-03-31 23:02:37 (CEST)	8192 	Function sql_regcase() is deprecated	File: fns_tinybrowser.php	Line: 486	
2014-03-31 23:02:37 (CEST)	8192 	Function sql_regcase() is deprecated	File: fns_tinybrowser.php	Line: 486	
2014-04-22 20:18:23 (CEST)	8192 	Function sql_regcase() is deprecated	File: fns_tinybrowser.php	Line: 438	
2014-04-22 20:18:23 (CEST)	8192 	Function sql_regcase() is deprecated	File: fns_tinybrowser.php	Line: 438	
2014-04-22 20:18:23 (CEST)	8192 	Function sql_regcase() is deprecated	File: fns_tinybrowser.php	Line: 438	
2014-04-22 20:18:23 (CEST)	8192 	Function sql_regcase() is deprecated	File: fns_tinybrowser.php	Line: 438	
2014-04-22 20:18:23 (CEST)	8192 	Function sql_regcase() is deprecated	File: fns_tinybrowser.php	Line: 486	
2014-04-22 20:18:23 (CEST)	8192 	Function sql_regcase() is deprecated	File: fns_tinybrowser.php	Line: 486	
2014-04-22 20:18:23 (CEST)	8192 	Function sql_regcase() is deprecated	File: fns_tinybrowser.php	Line: 486	
2014-04-22 20:18:23 (CEST)	8192 	Function sql_regcase() is deprecated	File: fns_tinybrowser.php	Line: 486	
2014-04-22 20:18:25 (CEST)	8192 	Function sql_regcase() is deprecated	File: fns_tinybrowser.php	Line: 438	
2014-04-22 20:18:25 (CEST)	8192 	Function sql_regcase() is deprecated	File: fns_tinybrowser.php	Line: 438	
2014-04-22 20:18:25 (CEST)	8192 	Function sql_regcase() is deprecated	File: fns_tinybrowser.php	Line: 438	
2014-04-22 20:18:25 (CEST)	8192 	Function sql_regcase() is deprecated	File: fns_tinybrowser.php	Line: 438	
2014-04-22 20:18:36 (CEST)	8192 	Function sql_regcase() is deprecated	File: fns_tinybrowser.php	Line: 438	
2014-04-22 20:18:36 (CEST)	8192 	Function sql_regcase() is deprecated	File: fns_tinybrowser.php	Line: 438	
2014-04-22 20:18:36 (CEST)	8192 	Function sql_regcase() is deprecated	File: fns_tinybrowser.php	Line: 438	
2014-04-22 20:18:36 (CEST)	8192 	Function sql_regcase() is deprecated	File: fns_tinybrowser.php	Line: 438	
2014-04-22 20:18:40 (CEST)	8192 	Function sql_regcase() is deprecated	File: fns_tinybrowser.php	Line: 438	
2014-04-22 20:18:40 (CEST)	8192 	Function sql_regcase() is deprecated	File: fns_tinybrowser.php	Line: 438	
2014-04-22 20:18:40 (CEST)	8192 	Function sql_regcase() is deprecated	File: fns_tinybrowser.php	Line: 438	
2014-04-22 20:18:40 (CEST)	8192 	Function sql_regcase() is deprecated	File: fns_tinybrowser.php	Line: 438	
2014-04-22 20:18:40 (CEST)	8192 	Function sql_regcase() is deprecated	File: fns_tinybrowser.php	Line: 486	
2014-04-22 20:18:40 (CEST)	8192 	Function sql_regcase() is deprecated	File: fns_tinybrowser.php	Line: 486	
2014-04-22 20:18:40 (CEST)	8192 	Function sql_regcase() is deprecated	File: fns_tinybrowser.php	Line: 486	
2014-04-22 20:18:40 (CEST)	8192 	Function sql_regcase() is deprecated	File: fns_tinybrowser.php	Line: 486	
2014-06-25 23:34:55 (CEST)	8192 	Function sql_regcase() is deprecated	File: fns_tinybrowser.php	Line: 438	
2014-06-25 23:34:55 (CEST)	8192 	Function sql_regcase() is deprecated	File: fns_tinybrowser.php	Line: 438	
2014-06-25 23:34:55 (CEST)	8192 	Function sql_regcase() is deprecated	File: fns_tinybrowser.php	Line: 438	
2014-06-25 23:34:55 (CEST)	8192 	Function sql_regcase() is deprecated	File: fns_tinybrowser.php	Line: 438	
2014-06-25 23:34:55 (CEST)	8192 	Function sql_regcase() is deprecated	File: fns_tinybrowser.php	Line: 486	
2014-06-25 23:34:55 (CEST)	8192 	Function sql_regcase() is deprecated	File: fns_tinybrowser.php	Line: 486	
2014-06-25 23:34:55 (CEST)	8192 	Function sql_regcase() is deprecated	File: fns_tinybrowser.php	Line: 486	
2014-06-25 23:34:55 (CEST)	8192 	Function sql_regcase() is deprecated	File: fns_tinybrowser.php	Line: 486	
2014-08-05 18:36:20 (CEST)	8192 	Function sql_regcase() is deprecated	File: fns_tinybrowser.php	Line: 438	
2014-08-05 18:36:20 (CEST)	8192 	Function sql_regcase() is deprecated	File: fns_tinybrowser.php	Line: 438	
2014-08-05 18:36:20 (CEST)	8192 	Function sql_regcase() is deprecated	File: fns_tinybrowser.php	Line: 438	
2014-08-05 18:36:20 (CEST)	8192 	Function sql_regcase() is deprecated	File: fns_tinybrowser.php	Line: 438	
2014-08-05 18:36:20 (CEST)	8192 	Function sql_regcase() is deprecated	File: fns_tinybrowser.php	Line: 486	
2014-08-05 18:36:20 (CEST)	8192 	Function sql_regcase() is deprecated	File: fns_tinybrowser.php	Line: 486	
2014-08-05 18:36:20 (CEST)	8192 	Function sql_regcase() is deprecated	File: fns_tinybrowser.php	Line: 486	
2014-08-05 18:36:20 (CEST)	8192 	Function sql_regcase() is deprecated	File: fns_tinybrowser.php	Line: 486	
2014-08-05 18:36:25 (CEST)	8192 	Function sql_regcase() is deprecated	File: fns_tinybrowser.php	Line: 438	
2014-08-05 18:36:25 (CEST)	8192 	Function sql_regcase() is deprecated	File: fns_tinybrowser.php	Line: 438	
2014-08-05 18:36:25 (CEST)	8192 	Function sql_regcase() is deprecated	File: fns_tinybrowser.php	Line: 438	
2014-08-05 18:36:25 (CEST)	8192 	Function sql_regcase() is deprecated	File: fns_tinybrowser.php	Line: 438	
2014-08-05 18:36:45 (CEST)	8192 	Function sql_regcase() is deprecated	File: fns_tinybrowser.php	Line: 438	
2014-08-05 18:36:45 (CEST)	8192 	Function sql_regcase() is deprecated	File: fns_tinybrowser.php	Line: 438	
2014-08-05 18:36:45 (CEST)	8192 	Function sql_regcase() is deprecated	File: fns_tinybrowser.php	Line: 438	
2014-08-05 18:36:45 (CEST)	8192 	Function sql_regcase() is deprecated	File: fns_tinybrowser.php	Line: 438	
2014-08-05 18:36:50 (CEST)	8192 	Function sql_regcase() is deprecated	File: fns_tinybrowser.php	Line: 438	
2014-08-05 18:36:50 (CEST)	8192 	Function sql_regcase() is deprecated	File: fns_tinybrowser.php	Line: 438	
2014-08-05 18:36:50 (CEST)	8192 	Function sql_regcase() is deprecated	File: fns_tinybrowser.php	Line: 438	
2014-08-05 18:36:50 (CEST)	8192 	Function sql_regcase() is deprecated	File: fns_tinybrowser.php	Line: 438	
2014-08-05 18:36:50 (CEST)	8192 	Function sql_regcase() is deprecated	File: fns_tinybrowser.php	Line: 486	
2014-08-05 18:36:50 (CEST)	8192 	Function sql_regcase() is deprecated	File: fns_tinybrowser.php	Line: 486	
2014-08-05 18:36:50 (CEST)	8192 	Function sql_regcase() is deprecated	File: fns_tinybrowser.php	Line: 486	
2014-08-05 18:36:50 (CEST)	8192 	Function sql_regcase() is deprecated	File: fns_tinybrowser.php	Line: 486	
2014-10-20 12:10:05 (CEST)	8192 	Function sql_regcase() is deprecated	File: fns_tinybrowser.php	Line: 438	
2014-10-20 12:10:05 (CEST)	8192 	Function sql_regcase() is deprecated	File: fns_tinybrowser.php	Line: 454	
2014-10-20 12:10:06 (CEST)	8192 	Function sql_regcase() is deprecated	File: fns_tinybrowser.php	Line: 486	
2014-10-20 12:10:06 (CEST)	8192 	Function sql_regcase() is deprecated	File: fns_tinybrowser.php	Line: 499	
2014-10-20 12:10:18 (CEST)	8192 	Function sql_regcase() is deprecated	File: fns_tinybrowser.php	Line: 438	
2014-10-20 12:10:18 (CEST)	8192 	Function sql_regcase() is deprecated	File: fns_tinybrowser.php	Line: 454	
2014-10-20 12:10:18 (CEST)	8192 	Function sql_regcase() is deprecated	File: fns_tinybrowser.php	Line: 486	
2014-10-20 12:10:18 (CEST)	8192 	Function sql_regcase() is deprecated	File: fns_tinybrowser.php	Line: 499	
2014-10-20 12:10:28 (CEST)	8192 	Function sql_regcase() is deprecated	File: fns_tinybrowser.php	Line: 438	
2014-10-20 12:10:28 (CEST)	8192 	Function sql_regcase() is deprecated	File: fns_tinybrowser.php	Line: 454	
2014-10-20 12:10:39 (CEST)	8192 	Function sql_regcase() is deprecated	File: fns_tinybrowser.php	Line: 438	
2014-10-20 12:10:39 (CEST)	8192 	Function sql_regcase() is deprecated	File: fns_tinybrowser.php	Line: 454	
2014-10-20 12:11:02 (CEST)	8192 	Function sql_regcase() is deprecated	File: fns_tinybrowser.php	Line: 438	
2014-10-20 12:11:02 (CEST)	8192 	Function sql_regcase() is deprecated	File: fns_tinybrowser.php	Line: 454	
2014-10-20 12:11:02 (CEST)	8192 	Function sql_regcase() is deprecated	File: fns_tinybrowser.php	Line: 486	
2014-10-20 12:11:02 (CEST)	8192 	Function sql_regcase() is deprecated	File: fns_tinybrowser.php	Line: 499	
2014-10-20 12:11:53 (CEST)	8 Notice	Undefined index: file	File: fileuploader.php	Line: 31	
2014-10-20 12:11:53 (CEST)	8 Notice	Undefined variable: tinybrowser	File: fileuploader.php	Line: 148	
2014-10-20 12:11:53 (CEST)	8 Notice	Undefined variable: typenow	File: fileuploader.php	Line: 148	
2014-10-20 12:11:54 (CEST)	8192 	Function sql_regcase() is deprecated	File: fns_tinybrowser.php	Line: 438	
2014-10-20 12:11:54 (CEST)	8192 	Function sql_regcase() is deprecated	File: fns_tinybrowser.php	Line: 454	
2014-10-20 12:11:54 (CEST)	2 Warning	filemtime(): stat failed for /var/www/clients/client2/web3/web/www/htdocs/w00e00b0/openimaginary/sites/default/files/_thumbs/_IMAGINARY-flyer-blue-mathematics.pdf	File: tinybrowser.php	Line: 812	
2014-10-20 12:11:54 (CEST)	8192 	Function sql_regcase() is deprecated	File: fns_tinybrowser.php	Line: 486	
2014-10-20 12:11:54 (CEST)	8192 	Function sql_regcase() is deprecated	File: fns_tinybrowser.php	Line: 499	
2014-10-20 12:15:13 (CEST)	8192 	Function sql_regcase() is deprecated	File: fns_tinybrowser.php	Line: 438	
2014-10-20 12:15:13 (CEST)	8192 	Function sql_regcase() is deprecated	File: fns_tinybrowser.php	Line: 454	
2014-10-20 12:15:13 (CEST)	2 Warning	filemtime(): stat failed for /var/www/clients/client2/web3/web/www/htdocs/w00e00b0/openimaginary/sites/default/files/_thumbs/_IMAGINARY-flyer-blue-mathematics.pdf	File: tinybrowser.php	Line: 812	
2014-10-20 12:15:13 (CEST)	8192 	Function sql_regcase() is deprecated	File: fns_tinybrowser.php	Line: 486	
2014-10-20 12:15:13 (CEST)	8192 	Function sql_regcase() is deprecated	File: fns_tinybrowser.php	Line: 499	
2014-10-20 12:16:49 (CEST)	8 Notice	Undefined index: file	File: fileuploader.php	Line: 31	
2014-10-20 12:16:49 (CEST)	8 Notice	Undefined variable: tinybrowser	File: fileuploader.php	Line: 148	
2014-10-20 12:16:49 (CEST)	8 Notice	Undefined variable: typenow	File: fileuploader.php	Line: 148	
2014-10-20 12:16:50 (CEST)	8192 	Function sql_regcase() is deprecated	File: fns_tinybrowser.php	Line: 438	
2014-10-20 12:16:50 (CEST)	8192 	Function sql_regcase() is deprecated	File: fns_tinybrowser.php	Line: 454	
2014-10-20 12:16:50 (CEST)	2 Warning	filemtime(): stat failed for /var/www/clients/client2/web3/web/www/htdocs/w00e00b0/openimaginary/sites/default/files/_thumbs/_IMAGINARY-flyer-orange-community.pdf	File: tinybrowser.php	Line: 812	
2014-10-20 12:16:50 (CEST)	2 Warning	filemtime(): stat failed for /var/www/clients/client2/web3/web/www/htdocs/w00e00b0/openimaginary/sites/default/files/_thumbs/_IMAGINARY-flyer-blue-mathematics.pdf	File: tinybrowser.php	Line: 812	
2014-10-20 12:16:50 (CEST)	8192 	Function sql_regcase() is deprecated	File: fns_tinybrowser.php	Line: 486	
2014-10-20 12:16:50 (CEST)	8192 	Function sql_regcase() is deprecated	File: fns_tinybrowser.php	Line: 499	
2014-10-20 12:20:05 (CEST)	8192 	Function sql_regcase() is deprecated	File: fns_tinybrowser.php	Line: 438	
2014-10-20 12:20:05 (CEST)	8192 	Function sql_regcase() is deprecated	File: fns_tinybrowser.php	Line: 454	
2014-10-20 12:20:05 (CEST)	2 Warning	filemtime(): stat failed for /var/www/clients/client2/web3/web/www/htdocs/w00e00b0/openimaginary/sites/default/files/_thumbs/_IMAGINARY-flyer-orange-community.pdf	File: tinybrowser.php	Line: 812	
2014-10-20 12:20:05 (CEST)	2 Warning	filemtime(): stat failed for /var/www/clients/client2/web3/web/www/htdocs/w00e00b0/openimaginary/sites/default/files/_thumbs/_IMAGINARY-flyer-blue-mathematics.pdf	File: tinybrowser.php	Line: 812	
2014-10-20 12:20:05 (CEST)	8192 	Function sql_regcase() is deprecated	File: fns_tinybrowser.php	Line: 486	
2014-10-20 12:20:05 (CEST)	8192 	Function sql_regcase() is deprecated	File: fns_tinybrowser.php	Line: 499	
2014-10-20 12:20:24 (CEST)	8192 	Function sql_regcase() is deprecated	File: fns_tinybrowser.php	Line: 438	
2014-10-20 12:20:24 (CEST)	8192 	Function sql_regcase() is deprecated	File: fns_tinybrowser.php	Line: 454	
2014-10-20 12:20:24 (CEST)	2 Warning	filemtime(): stat failed for /var/www/clients/client2/web3/web/www/htdocs/w00e00b0/openimaginary/sites/default/files/_thumbs/_IMAGINARY-flyer-orange-community.pdf	File: tinybrowser.php	Line: 812	
2014-10-20 12:20:24 (CEST)	2 Warning	filemtime(): stat failed for /var/www/clients/client2/web3/web/www/htdocs/w00e00b0/openimaginary/sites/default/files/_thumbs/_IMAGINARY-flyer-blue-mathematics.pdf	File: tinybrowser.php	Line: 812	
2014-10-20 12:20:24 (CEST)	8192 	Function sql_regcase() is deprecated	File: fns_tinybrowser.php	Line: 486	
2014-10-20 12:20:24 (CEST)	8192 	Function sql_regcase() is deprecated	File: fns_tinybrowser.php	Line: 499	
2014-10-20 12:20:42 (CEST)	8 Notice	Undefined index: file	File: fileuploader.php	Line: 31	
2014-10-20 12:20:42 (CEST)	8 Notice	Undefined variable: tinybrowser	File: fileuploader.php	Line: 148	
2014-10-20 12:20:42 (CEST)	8 Notice	Undefined variable: typenow	File: fileuploader.php	Line: 148	
2014-10-20 12:20:42 (CEST)	8192 	Function sql_regcase() is deprecated	File: fns_tinybrowser.php	Line: 438	
2014-10-20 12:20:42 (CEST)	8192 	Function sql_regcase() is deprecated	File: fns_tinybrowser.php	Line: 454	
2014-10-20 12:20:42 (CEST)	2 Warning	filemtime(): stat failed for /var/www/clients/client2/web3/web/www/htdocs/w00e00b0/openimaginary/sites/default/files/_thumbs/_IMAGINARY-flyer-green-museums.pdf	File: tinybrowser.php	Line: 812	
2014-10-20 12:20:42 (CEST)	2 Warning	filemtime(): stat failed for /var/www/clients/client2/web3/web/www/htdocs/w00e00b0/openimaginary/sites/default/files/_thumbs/_IMAGINARY-flyer-orange-community.pdf	File: tinybrowser.php	Line: 812	
2014-10-20 12:20:42 (CEST)	2 Warning	filemtime(): stat failed for /var/www/clients/client2/web3/web/www/htdocs/w00e00b0/openimaginary/sites/default/files/_thumbs/_IMAGINARY-flyer-blue-mathematics.pdf	File: tinybrowser.php	Line: 812	
2014-10-20 12:20:42 (CEST)	8192 	Function sql_regcase() is deprecated	File: fns_tinybrowser.php	Line: 486	
2014-10-20 12:20:42 (CEST)	8192 	Function sql_regcase() is deprecated	File: fns_tinybrowser.php	Line: 499	
2014-10-20 12:24:32 (CEST)	8192 	Function sql_regcase() is deprecated	File: fns_tinybrowser.php	Line: 438	
2014-10-20 12:24:32 (CEST)	8192 	Function sql_regcase() is deprecated	File: fns_tinybrowser.php	Line: 454	
2014-10-20 12:24:32 (CEST)	2 Warning	filemtime(): stat failed for /var/www/clients/client2/web3/web/www/htdocs/w00e00b0/openimaginary/sites/default/files/_thumbs/_IMAGINARY-flyer-green-museums.pdf	File: tinybrowser.php	Line: 812	
2014-10-20 12:24:32 (CEST)	2 Warning	filemtime(): stat failed for /var/www/clients/client2/web3/web/www/htdocs/w00e00b0/openimaginary/sites/default/files/_thumbs/_IMAGINARY-flyer-orange-community.pdf	File: tinybrowser.php	Line: 812	
2014-10-20 12:24:32 (CEST)	2 Warning	filemtime(): stat failed for /var/www/clients/client2/web3/web/www/htdocs/w00e00b0/openimaginary/sites/default/files/_thumbs/_IMAGINARY-flyer-blue-mathematics.pdf	File: tinybrowser.php	Line: 812	
2014-10-20 12:24:32 (CEST)	8192 	Function sql_regcase() is deprecated	File: fns_tinybrowser.php	Line: 486	
2014-10-20 12:24:32 (CEST)	8192 	Function sql_regcase() is deprecated	File: fns_tinybrowser.php	Line: 499	
2014-10-22 23:35:35 (CEST)	8192 	Function sql_regcase() is deprecated	File: fns_tinybrowser.php	Line: 438	
2014-10-22 23:35:35 (CEST)	8192 	Function sql_regcase() is deprecated	File: fns_tinybrowser.php	Line: 438	
2014-10-22 23:35:35 (CEST)	8192 	Function sql_regcase() is deprecated	File: fns_tinybrowser.php	Line: 438	
2014-10-22 23:35:35 (CEST)	8192 	Function sql_regcase() is deprecated	File: fns_tinybrowser.php	Line: 438	
2014-10-22 23:35:35 (CEST)	8192 	Function sql_regcase() is deprecated	File: fns_tinybrowser.php	Line: 486	
2014-10-22 23:35:35 (CEST)	8192 	Function sql_regcase() is deprecated	File: fns_tinybrowser.php	Line: 486	
2014-10-22 23:35:35 (CEST)	8192 	Function sql_regcase() is deprecated	File: fns_tinybrowser.php	Line: 486	
2014-10-22 23:35:35 (CEST)	8192 	Function sql_regcase() is deprecated	File: fns_tinybrowser.php	Line: 486	
2014-10-22 23:35:59 (CEST)	8192 	Function sql_regcase() is deprecated	File: fns_tinybrowser.php	Line: 438	
2014-10-22 23:35:59 (CEST)	8192 	Function sql_regcase() is deprecated	File: fns_tinybrowser.php	Line: 438	
2014-10-22 23:35:59 (CEST)	8192 	Function sql_regcase() is deprecated	File: fns_tinybrowser.php	Line: 438	
2014-10-22 23:35:59 (CEST)	8192 	Function sql_regcase() is deprecated	File: fns_tinybrowser.php	Line: 438	
2014-10-22 23:35:59 (CEST)	8192 	Function sql_regcase() is deprecated	File: fns_tinybrowser.php	Line: 486	
2014-10-22 23:35:59 (CEST)	8192 	Function sql_regcase() is deprecated	File: fns_tinybrowser.php	Line: 486	
2014-10-22 23:35:59 (CEST)	8192 	Function sql_regcase() is deprecated	File: fns_tinybrowser.php	Line: 486	
2014-10-22 23:35:59 (CEST)	8192 	Function sql_regcase() is deprecated	File: fns_tinybrowser.php	Line: 486	
2014-10-22 23:36:07 (CEST)	8192 	Function sql_regcase() is deprecated	File: fns_tinybrowser.php	Line: 438	
2014-10-22 23:36:07 (CEST)	8192 	Function sql_regcase() is deprecated	File: fns_tinybrowser.php	Line: 438	
2014-10-22 23:36:07 (CEST)	8192 	Function sql_regcase() is deprecated	File: fns_tinybrowser.php	Line: 438	
2014-10-22 23:36:07 (CEST)	8192 	Function sql_regcase() is deprecated	File: fns_tinybrowser.php	Line: 438	
2014-10-22 23:36:48 (CEST)	8192 	Function sql_regcase() is deprecated	File: fns_tinybrowser.php	Line: 438	
2014-10-22 23:36:48 (CEST)	8192 	Function sql_regcase() is deprecated	File: fns_tinybrowser.php	Line: 438	
2014-10-22 23:36:48 (CEST)	8192 	Function sql_regcase() is deprecated	File: fns_tinybrowser.php	Line: 438	
2014-10-22 23:36:48 (CEST)	8192 	Function sql_regcase() is deprecated	File: fns_tinybrowser.php	Line: 438	
2014-10-22 23:36:52 (CEST)	8192 	Function sql_regcase() is deprecated	File: fns_tinybrowser.php	Line: 438	
2014-10-22 23:36:52 (CEST)	8192 	Function sql_regcase() is deprecated	File: fns_tinybrowser.php	Line: 438	
2014-10-22 23:36:52 (CEST)	8192 	Function sql_regcase() is deprecated	File: fns_tinybrowser.php	Line: 438	
2014-10-22 23:36:52 (CEST)	8192 	Function sql_regcase() is deprecated	File: fns_tinybrowser.php	Line: 438	
2014-10-22 23:36:52 (CEST)	8192 	Function sql_regcase() is deprecated	File: fns_tinybrowser.php	Line: 486	
2014-10-22 23:36:52 (CEST)	8192 	Function sql_regcase() is deprecated	File: fns_tinybrowser.php	Line: 486	
2014-10-22 23:36:52 (CEST)	8192 	Function sql_regcase() is deprecated	File: fns_tinybrowser.php	Line: 486	
2014-10-22 23:36:52 (CEST)	8192 	Function sql_regcase() is deprecated	File: fns_tinybrowser.php	Line: 486	
2014-10-27 16:07:52 (CET)	8192 	Function sql_regcase() is deprecated	File: fns_tinybrowser.php	Line: 438	
2014-10-27 16:07:52 (CET)	8192 	Function sql_regcase() is deprecated	File: fns_tinybrowser.php	Line: 438	
2014-10-27 16:07:52 (CET)	8192 	Function sql_regcase() is deprecated	File: fns_tinybrowser.php	Line: 438	
2014-10-27 16:07:52 (CET)	8192 	Function sql_regcase() is deprecated	File: fns_tinybrowser.php	Line: 438	
2014-10-27 16:07:52 (CET)	8192 	Function sql_regcase() is deprecated	File: fns_tinybrowser.php	Line: 486	
2014-10-27 16:07:52 (CET)	8192 	Function sql_regcase() is deprecated	File: fns_tinybrowser.php	Line: 486	
2014-10-27 16:07:52 (CET)	8192 	Function sql_regcase() is deprecated	File: fns_tinybrowser.php	Line: 486	
2014-10-27 16:07:52 (CET)	8192 	Function sql_regcase() is deprecated	File: fns_tinybrowser.php	Line: 486	
2014-10-27 16:07:58 (CET)	8192 	Function sql_regcase() is deprecated	File: fns_tinybrowser.php	Line: 438	
2014-10-27 16:07:58 (CET)	8192 	Function sql_regcase() is deprecated	File: fns_tinybrowser.php	Line: 438	
2014-10-27 16:07:58 (CET)	8192 	Function sql_regcase() is deprecated	File: fns_tinybrowser.php	Line: 438	
2014-10-27 16:07:58 (CET)	8192 	Function sql_regcase() is deprecated	File: fns_tinybrowser.php	Line: 438	
2014-10-27 16:08:06 (CET)	8192 	Function sql_regcase() is deprecated	File: fns_tinybrowser.php	Line: 438	
2014-10-27 16:08:06 (CET)	8192 	Function sql_regcase() is deprecated	File: fns_tinybrowser.php	Line: 438	
2014-10-27 16:08:06 (CET)	8192 	Function sql_regcase() is deprecated	File: fns_tinybrowser.php	Line: 438	
2014-10-27 16:08:06 (CET)	8192 	Function sql_regcase() is deprecated	File: fns_tinybrowser.php	Line: 438	
2014-10-27 16:08:06 (CET)	8192 	Function sql_regcase() is deprecated	File: fns_tinybrowser.php	Line: 486	
2014-10-27 16:08:06 (CET)	8192 	Function sql_regcase() is deprecated	File: fns_tinybrowser.php	Line: 486	
2014-10-27 16:08:06 (CET)	8192 	Function sql_regcase() is deprecated	File: fns_tinybrowser.php	Line: 486	
2014-10-27 16:08:06 (CET)	8192 	Function sql_regcase() is deprecated	File: fns_tinybrowser.php	Line: 486	
2014-10-27 16:15:54 (CET)	8192 	Function sql_regcase() is deprecated	File: fns_tinybrowser.php	Line: 438	
2014-10-27 16:15:54 (CET)	8192 	Function sql_regcase() is deprecated	File: fns_tinybrowser.php	Line: 438	
2014-10-27 16:15:54 (CET)	8192 	Function sql_regcase() is deprecated	File: fns_tinybrowser.php	Line: 438	
2014-10-27 16:15:54 (CET)	8192 	Function sql_regcase() is deprecated	File: fns_tinybrowser.php	Line: 438	
2014-10-27 16:15:54 (CET)	8192 	Function sql_regcase() is deprecated	File: fns_tinybrowser.php	Line: 486	
2014-10-27 16:15:54 (CET)	8192 	Function sql_regcase() is deprecated	File: fns_tinybrowser.php	Line: 486	
2014-10-27 16:15:54 (CET)	8192 	Function sql_regcase() is deprecated	File: fns_tinybrowser.php	Line: 486	
2014-10-27 16:15:54 (CET)	8192 	Function sql_regcase() is deprecated	File: fns_tinybrowser.php	Line: 486	
2014-10-27 16:17:38 (CET)	8192 	Function sql_regcase() is deprecated	File: fns_tinybrowser.php	Line: 438	
2014-10-27 16:17:38 (CET)	8192 	Function sql_regcase() is deprecated	File: fns_tinybrowser.php	Line: 438	
2014-10-27 16:17:38 (CET)	8192 	Function sql_regcase() is deprecated	File: fns_tinybrowser.php	Line: 438	
2014-10-27 16:17:38 (CET)	8192 	Function sql_regcase() is deprecated	File: fns_tinybrowser.php	Line: 438	
2014-10-27 16:19:35 (CET)	8192 	Function sql_regcase() is deprecated	File: fns_tinybrowser.php	Line: 438	
2014-10-27 16:19:35 (CET)	8192 	Function sql_regcase() is deprecated	File: fns_tinybrowser.php	Line: 438	
2014-10-27 16:19:35 (CET)	8192 	Function sql_regcase() is deprecated	File: fns_tinybrowser.php	Line: 438	
2014-10-27 16:19:35 (CET)	8192 	Function sql_regcase() is deprecated	File: fns_tinybrowser.php	Line: 438	
2014-10-27 16:19:35 (CET)	8192 	Function sql_regcase() is deprecated	File: fns_tinybrowser.php	Line: 486	
2014-10-27 16:19:35 (CET)	8192 	Function sql_regcase() is deprecated	File: fns_tinybrowser.php	Line: 486	
2014-10-27 16:19:35 (CET)	8192 	Function sql_regcase() is deprecated	File: fns_tinybrowser.php	Line: 486	
2014-10-27 16:19:35 (CET)	8192 	Function sql_regcase() is deprecated	File: fns_tinybrowser.php	Line: 486	
2014-10-27 16:19:39 (CET)	8192 	Function sql_regcase() is deprecated	File: fns_tinybrowser.php	Line: 438	
2014-10-27 16:19:39 (CET)	8192 	Function sql_regcase() is deprecated	File: fns_tinybrowser.php	Line: 438	
2014-10-27 16:19:39 (CET)	8192 	Function sql_regcase() is deprecated	File: fns_tinybrowser.php	Line: 438	
2014-10-27 16:19:39 (CET)	8192 	Function sql_regcase() is deprecated	File: fns_tinybrowser.php	Line: 438	
2014-10-27 16:19:39 (CET)	8192 	Function sql_regcase() is deprecated	File: fns_tinybrowser.php	Line: 486	
2014-10-27 16:19:39 (CET)	8192 	Function sql_regcase() is deprecated	File: fns_tinybrowser.php	Line: 486	
2014-10-27 16:19:39 (CET)	8192 	Function sql_regcase() is deprecated	File: fns_tinybrowser.php	Line: 486	
2014-10-27 16:19:39 (CET)	8192 	Function sql_regcase() is deprecated	File: fns_tinybrowser.php	Line: 486	
2014-10-27 16:19:42 (CET)	8192 	Function sql_regcase() is deprecated	File: fns_tinybrowser.php	Line: 438	
2014-10-27 16:19:42 (CET)	8192 	Function sql_regcase() is deprecated	File: fns_tinybrowser.php	Line: 438	
2014-10-27 16:19:42 (CET)	8192 	Function sql_regcase() is deprecated	File: fns_tinybrowser.php	Line: 438	
2014-10-27 16:19:42 (CET)	8192 	Function sql_regcase() is deprecated	File: fns_tinybrowser.php	Line: 438	
2014-10-27 16:19:42 (CET)	8192 	Function sql_regcase() is deprecated	File: fns_tinybrowser.php	Line: 486	
2014-10-27 16:19:42 (CET)	8192 	Function sql_regcase() is deprecated	File: fns_tinybrowser.php	Line: 486	
2014-10-27 16:19:42 (CET)	8192 	Function sql_regcase() is deprecated	File: fns_tinybrowser.php	Line: 486	
2014-10-27 16:19:42 (CET)	8192 	Function sql_regcase() is deprecated	File: fns_tinybrowser.php	Line: 486	
2014-10-27 16:19:45 (CET)	8192 	Function sql_regcase() is deprecated	File: fns_tinybrowser.php	Line: 438	
2014-10-27 16:19:45 (CET)	8192 	Function sql_regcase() is deprecated	File: fns_tinybrowser.php	Line: 438	
2014-10-27 16:19:45 (CET)	8192 	Function sql_regcase() is deprecated	File: fns_tinybrowser.php	Line: 438	
2014-10-27 16:19:45 (CET)	8192 	Function sql_regcase() is deprecated	File: fns_tinybrowser.php	Line: 438	
2014-10-27 16:19:45 (CET)	8192 	Function sql_regcase() is deprecated	File: fns_tinybrowser.php	Line: 486	
2014-10-27 16:19:45 (CET)	8192 	Function sql_regcase() is deprecated	File: fns_tinybrowser.php	Line: 486	
2014-10-27 16:19:45 (CET)	8192 	Function sql_regcase() is deprecated	File: fns_tinybrowser.php	Line: 486	
2014-10-27 16:19:45 (CET)	8192 	Function sql_regcase() is deprecated	File: fns_tinybrowser.php	Line: 486	
2014-10-27 16:19:47 (CET)	8192 	Function sql_regcase() is deprecated	File: fns_tinybrowser.php	Line: 438	
2014-10-27 16:19:47 (CET)	8192 	Function sql_regcase() is deprecated	File: fns_tinybrowser.php	Line: 438	
2014-10-27 16:19:47 (CET)	8192 	Function sql_regcase() is deprecated	File: fns_tinybrowser.php	Line: 438	
2014-10-27 16:19:47 (CET)	8192 	Function sql_regcase() is deprecated	File: fns_tinybrowser.php	Line: 438	
2014-10-27 16:19:47 (CET)	8192 	Function sql_regcase() is deprecated	File: fns_tinybrowser.php	Line: 486	
2014-10-27 16:19:47 (CET)	8192 	Function sql_regcase() is deprecated	File: fns_tinybrowser.php	Line: 486	
2014-10-27 16:19:47 (CET)	8192 	Function sql_regcase() is deprecated	File: fns_tinybrowser.php	Line: 486	
2014-10-27 16:19:47 (CET)	8192 	Function sql_regcase() is deprecated	File: fns_tinybrowser.php	Line: 486	
2014-10-27 16:19:53 (CET)	8192 	Function sql_regcase() is deprecated	File: fns_tinybrowser.php	Line: 438	
2014-10-27 16:19:53 (CET)	8192 	Function sql_regcase() is deprecated	File: fns_tinybrowser.php	Line: 438	
2014-10-27 16:19:53 (CET)	8192 	Function sql_regcase() is deprecated	File: fns_tinybrowser.php	Line: 438	
2014-10-27 16:19:53 (CET)	8192 	Function sql_regcase() is deprecated	File: fns_tinybrowser.php	Line: 438	
2014-10-27 16:19:53 (CET)	8192 	Function sql_regcase() is deprecated	File: fns_tinybrowser.php	Line: 486	
2014-10-27 16:19:53 (CET)	8192 	Function sql_regcase() is deprecated	File: fns_tinybrowser.php	Line: 486	
2014-10-27 16:19:53 (CET)	8192 	Function sql_regcase() is deprecated	File: fns_tinybrowser.php	Line: 486	
2014-10-27 16:19:53 (CET)	8192 	Function sql_regcase() is deprecated	File: fns_tinybrowser.php	Line: 486	
2014-10-27 16:19:55 (CET)	8192 	Function sql_regcase() is deprecated	File: fns_tinybrowser.php	Line: 438	
2014-10-27 16:19:55 (CET)	8192 	Function sql_regcase() is deprecated	File: fns_tinybrowser.php	Line: 438	
2014-10-27 16:19:55 (CET)	8192 	Function sql_regcase() is deprecated	File: fns_tinybrowser.php	Line: 438	
2014-10-27 16:19:55 (CET)	8192 	Function sql_regcase() is deprecated	File: fns_tinybrowser.php	Line: 438	
2014-10-27 16:19:55 (CET)	8192 	Function sql_regcase() is deprecated	File: fns_tinybrowser.php	Line: 486	
2014-10-27 16:19:55 (CET)	8192 	Function sql_regcase() is deprecated	File: fns_tinybrowser.php	Line: 486	
2014-10-27 16:19:55 (CET)	8192 	Function sql_regcase() is deprecated	File: fns_tinybrowser.php	Line: 486	
2014-10-27 16:19:55 (CET)	8192 	Function sql_regcase() is deprecated	File: fns_tinybrowser.php	Line: 486	
2014-10-27 16:20:21 (CET)	8192 	Function sql_regcase() is deprecated	File: fns_tinybrowser.php	Line: 438	
2014-10-27 16:20:21 (CET)	8192 	Function sql_regcase() is deprecated	File: fns_tinybrowser.php	Line: 438	
2014-10-27 16:20:21 (CET)	8192 	Function sql_regcase() is deprecated	File: fns_tinybrowser.php	Line: 438	
2014-10-27 16:20:21 (CET)	8192 	Function sql_regcase() is deprecated	File: fns_tinybrowser.php	Line: 438	
2014-10-27 16:20:21 (CET)	8192 	Function sql_regcase() is deprecated	File: fns_tinybrowser.php	Line: 486	
2014-10-27 16:20:21 (CET)	8192 	Function sql_regcase() is deprecated	File: fns_tinybrowser.php	Line: 486	
2014-10-27 16:20:21 (CET)	8192 	Function sql_regcase() is deprecated	File: fns_tinybrowser.php	Line: 486	
2014-10-27 16:20:21 (CET)	8192 	Function sql_regcase() is deprecated	File: fns_tinybrowser.php	Line: 486	
2014-10-28 10:33:52 (CET)	8192 	Function sql_regcase() is deprecated	File: fns_tinybrowser.php	Line: 438	
2014-10-28 10:33:52 (CET)	8192 	Function sql_regcase() is deprecated	File: fns_tinybrowser.php	Line: 438	
2014-10-28 10:33:52 (CET)	8192 	Function sql_regcase() is deprecated	File: fns_tinybrowser.php	Line: 438	
2014-10-28 10:33:52 (CET)	8192 	Function sql_regcase() is deprecated	File: fns_tinybrowser.php	Line: 438	
2014-10-28 10:33:52 (CET)	8192 	Function sql_regcase() is deprecated	File: fns_tinybrowser.php	Line: 486	
2014-10-28 10:33:52 (CET)	8192 	Function sql_regcase() is deprecated	File: fns_tinybrowser.php	Line: 486	
2014-10-28 10:33:52 (CET)	8192 	Function sql_regcase() is deprecated	File: fns_tinybrowser.php	Line: 486	
2014-10-28 10:33:52 (CET)	8192 	Function sql_regcase() is deprecated	File: fns_tinybrowser.php	Line: 486	
2014-10-28 10:34:09 (CET)	8192 	Function sql_regcase() is deprecated	File: fns_tinybrowser.php	Line: 438	
2014-10-28 10:34:09 (CET)	8192 	Function sql_regcase() is deprecated	File: fns_tinybrowser.php	Line: 438	
2014-10-28 10:34:09 (CET)	8192 	Function sql_regcase() is deprecated	File: fns_tinybrowser.php	Line: 438	
2014-10-28 10:34:09 (CET)	8192 	Function sql_regcase() is deprecated	File: fns_tinybrowser.php	Line: 438	
2014-10-28 10:35:22 (CET)	8192 	Function sql_regcase() is deprecated	File: fns_tinybrowser.php	Line: 438	
2014-10-28 10:35:22 (CET)	8192 	Function sql_regcase() is deprecated	File: fns_tinybrowser.php	Line: 438	
2014-10-28 10:35:22 (CET)	8192 	Function sql_regcase() is deprecated	File: fns_tinybrowser.php	Line: 438	
2014-10-28 10:35:22 (CET)	8192 	Function sql_regcase() is deprecated	File: fns_tinybrowser.php	Line: 438	
2014-10-28 10:35:25 (CET)	8192 	Function sql_regcase() is deprecated	File: fns_tinybrowser.php	Line: 438	
2014-10-28 10:35:25 (CET)	8192 	Function sql_regcase() is deprecated	File: fns_tinybrowser.php	Line: 438	
2014-10-28 10:35:25 (CET)	8192 	Function sql_regcase() is deprecated	File: fns_tinybrowser.php	Line: 438	
2014-10-28 10:35:25 (CET)	8192 	Function sql_regcase() is deprecated	File: fns_tinybrowser.php	Line: 438	
2014-10-28 10:35:25 (CET)	8192 	Function sql_regcase() is deprecated	File: fns_tinybrowser.php	Line: 486	
2014-10-28 10:35:25 (CET)	8192 	Function sql_regcase() is deprecated	File: fns_tinybrowser.php	Line: 486	
2014-10-28 10:35:25 (CET)	8192 	Function sql_regcase() is deprecated	File: fns_tinybrowser.php	Line: 486	
2014-10-28 10:35:25 (CET)	8192 	Function sql_regcase() is deprecated	File: fns_tinybrowser.php	Line: 486	
2014-10-31 14:04:11 (CET)	8192 	Function sql_regcase() is deprecated	File: fns_tinybrowser.php	Line: 438	
2014-10-31 14:04:11 (CET)	8192 	Function sql_regcase() is deprecated	File: fns_tinybrowser.php	Line: 438	
2014-10-31 14:04:11 (CET)	8192 	Function sql_regcase() is deprecated	File: fns_tinybrowser.php	Line: 438	
2014-10-31 14:04:11 (CET)	8192 	Function sql_regcase() is deprecated	File: fns_tinybrowser.php	Line: 438	
2014-10-31 14:04:11 (CET)	8192 	Function sql_regcase() is deprecated	File: fns_tinybrowser.php	Line: 486	
2014-10-31 14:04:11 (CET)	8192 	Function sql_regcase() is deprecated	File: fns_tinybrowser.php	Line: 486	
2014-10-31 14:04:11 (CET)	8192 	Function sql_regcase() is deprecated	File: fns_tinybrowser.php	Line: 486	
2014-10-31 14:04:11 (CET)	8192 	Function sql_regcase() is deprecated	File: fns_tinybrowser.php	Line: 486	
2014-10-31 14:04:15 (CET)	8192 	Function sql_regcase() is deprecated	File: fns_tinybrowser.php	Line: 438	
2014-10-31 14:04:15 (CET)	8192 	Function sql_regcase() is deprecated	File: fns_tinybrowser.php	Line: 438	
2014-10-31 14:04:15 (CET)	8192 	Function sql_regcase() is deprecated	File: fns_tinybrowser.php	Line: 438	
2014-10-31 14:04:15 (CET)	8192 	Function sql_regcase() is deprecated	File: fns_tinybrowser.php	Line: 438	
2014-10-31 14:04:42 (CET)	8192 	Function sql_regcase() is deprecated	File: fns_tinybrowser.php	Line: 438	
2014-10-31 14:04:42 (CET)	8192 	Function sql_regcase() is deprecated	File: fns_tinybrowser.php	Line: 438	
2014-10-31 14:04:42 (CET)	8192 	Function sql_regcase() is deprecated	File: fns_tinybrowser.php	Line: 438	
2014-10-31 14:04:42 (CET)	8192 	Function sql_regcase() is deprecated	File: fns_tinybrowser.php	Line: 438	
2014-10-31 14:04:47 (CET)	8192 	Function sql_regcase() is deprecated	File: fns_tinybrowser.php	Line: 438	
2014-10-31 14:04:47 (CET)	8192 	Function sql_regcase() is deprecated	File: fns_tinybrowser.php	Line: 438	
2014-10-31 14:04:47 (CET)	8192 	Function sql_regcase() is deprecated	File: fns_tinybrowser.php	Line: 438	
2014-10-31 14:04:47 (CET)	8192 	Function sql_regcase() is deprecated	File: fns_tinybrowser.php	Line: 438	
2014-10-31 14:04:47 (CET)	8192 	Function sql_regcase() is deprecated	File: fns_tinybrowser.php	Line: 486	
2014-10-31 14:04:47 (CET)	8192 	Function sql_regcase() is deprecated	File: fns_tinybrowser.php	Line: 486	
2014-10-31 14:04:47 (CET)	8192 	Function sql_regcase() is deprecated	File: fns_tinybrowser.php	Line: 486	
2014-10-31 14:04:47 (CET)	8192 	Function sql_regcase() is deprecated	File: fns_tinybrowser.php	Line: 486	
2014-10-31 14:05:58 (CET)	8192 	Function sql_regcase() is deprecated	File: fns_tinybrowser.php	Line: 438	
2014-10-31 14:05:58 (CET)	8192 	Function sql_regcase() is deprecated	File: fns_tinybrowser.php	Line: 438	
2014-10-31 14:05:58 (CET)	8192 	Function sql_regcase() is deprecated	File: fns_tinybrowser.php	Line: 438	
2014-10-31 14:05:58 (CET)	8192 	Function sql_regcase() is deprecated	File: fns_tinybrowser.php	Line: 438	
2014-10-31 14:05:58 (CET)	8192 	Function sql_regcase() is deprecated	File: fns_tinybrowser.php	Line: 486	
2014-10-31 14:05:58 (CET)	8192 	Function sql_regcase() is deprecated	File: fns_tinybrowser.php	Line: 486	
2014-10-31 14:05:58 (CET)	8192 	Function sql_regcase() is deprecated	File: fns_tinybrowser.php	Line: 486	
2014-10-31 14:05:58 (CET)	8192 	Function sql_regcase() is deprecated	File: fns_tinybrowser.php	Line: 486	
2014-10-31 14:06:02 (CET)	8192 	Function sql_regcase() is deprecated	File: fns_tinybrowser.php	Line: 438	
2014-10-31 14:06:02 (CET)	8192 	Function sql_regcase() is deprecated	File: fns_tinybrowser.php	Line: 438	
2014-10-31 14:06:02 (CET)	8192 	Function sql_regcase() is deprecated	File: fns_tinybrowser.php	Line: 438	
2014-10-31 14:06:02 (CET)	8192 	Function sql_regcase() is deprecated	File: fns_tinybrowser.php	Line: 438	
2014-10-31 14:06:11 (CET)	8192 	Function sql_regcase() is deprecated	File: fns_tinybrowser.php	Line: 438	
2014-10-31 14:06:11 (CET)	8192 	Function sql_regcase() is deprecated	File: fns_tinybrowser.php	Line: 438	
2014-10-31 14:06:11 (CET)	8192 	Function sql_regcase() is deprecated	File: fns_tinybrowser.php	Line: 438	
2014-10-31 14:06:11 (CET)	8192 	Function sql_regcase() is deprecated	File: fns_tinybrowser.php	Line: 438	
2014-10-31 14:06:15 (CET)	8192 	Function sql_regcase() is deprecated	File: fns_tinybrowser.php	Line: 438	
2014-10-31 14:06:15 (CET)	8192 	Function sql_regcase() is deprecated	File: fns_tinybrowser.php	Line: 438	
2014-10-31 14:06:15 (CET)	8192 	Function sql_regcase() is deprecated	File: fns_tinybrowser.php	Line: 438	
2014-10-31 14:06:15 (CET)	8192 	Function sql_regcase() is deprecated	File: fns_tinybrowser.php	Line: 438	
2014-10-31 14:06:15 (CET)	8192 	Function sql_regcase() is deprecated	File: fns_tinybrowser.php	Line: 486	
2014-10-31 14:06:15 (CET)	8192 	Function sql_regcase() is deprecated	File: fns_tinybrowser.php	Line: 486	
2014-10-31 14:06:15 (CET)	8192 	Function sql_regcase() is deprecated	File: fns_tinybrowser.php	Line: 486	
2014-10-31 14:06:15 (CET)	8192 	Function sql_regcase() is deprecated	File: fns_tinybrowser.php	Line: 486	
